[35m[Appium][39m Welcome to Appium v1.22.1
[35m[Appium][39m Non-default server args:
[35m[Appium][39m   port: 50174
[35m[Appium][39m   loglevel: info
[35m[Appium][39m   tmpDir: /var/folders/ts/p6rxgpw53_d96xw60slkng7m0000gn/T//Katalon/Appium/Temp1638379075929
[35m[Appium][39m   chromedriverPort: 50176
[35m[Appium][39m Deprecated server args:
[35m[Appium][39m   [31m--chromedriver-port[39m => --default-capabilities
[35m[Appium][39m Default capabilities, which will be added to each request unless overridden by desired capabilities:
[35m[Appium][39m   chromedriverPort: 50176
[35m[Appium][39m Appium REST http interface listener started on 0.0.0.0:50174
[35m[HTTP][39m [37m-->[39m [37mGET[39m [37m/wd/hub/status[39m
[35m[HTTP][39m [90m{}[39m
[35m[HTTP][39m [37m<-- GET /wd/hub/status [39m[32m200[39m [90m8 ms - 68[39m
[35m[HTTP][39m [90m[39m
[35m[HTTP][39m [37m-->[39m [37mGET[39m [37m/wd/hub/status[39m
[35m[HTTP][39m [90m{}[39m
[35m[HTTP][39m [37m<-- GET /wd/hub/status [39m[32m200[39m [90m1 ms - 68[39m
[35m[HTTP][39m [90m[39m
[35m[HTTP][39m [37m-->[39m [37mPOST[39m [37m/wd/hub/session[39m
[35m[HTTP][39m [90m{"desiredCapabilities":{"app":"/Users/ustore/Downloads/mobile-debug-jos.apk","noReset":true,"deviceName":"asus ASUS_X00TD (Android 9)","fullReset":false,"platform":"ANDROID","newCommandTimeout":1800,"platformVersion":"9","automationName":"uiautomator2","autoGrantPermissions":true,"platformName":"Android","udid":"J9AXGF01N116YZZ","systemPort":50190},"capabilities":{"firstMatch":[{"appium:app":"/Users/ustore/Downloads/mobile-debug-jos.apk","appium:autoGrantPermissions":true,"appium:automationName":"uiautomator2","appium:deviceName":"asus ASUS_X00TD (Android 9)","appium:fullReset":false,"appium:newCommandTimeout":1800,"appium:noReset":true,"platform":"ANDROID","platformName":"android","appium:platformVersion":"9","appium:systemPort":50190,"appium:udid":"J9AXGF01N116YZZ"}]}}[39m
[35m[BaseDriver][39m The following capabilities are not standard capabilities and should have an extension prefix:
[35m[BaseDriver][39m   platform
[35m[BaseDriver][39m   chromedriverPort
[35m[Appium][39m Appium v1.22.1 creating new AndroidUiautomator2Driver (v1.70.1) session
[35m[BaseDriver][39m The following capabilities were provided, but are not recognized by Appium:
[35m[BaseDriver][39m   platform
[35m[BaseDriver][39m Session created with session id: 12519259-139f-4208-80a4-6a4641742a09
[35m[BaseDriver][39m Using local app '/Users/ustore/Downloads/mobile-debug-jos.apk'
[35m[ADB][39m Found 1 'build-tools' folders under '/Users/ustore/.katalon/tools/android_sdk' (newest first):
[35m[ADB][39m     /Users/ustore/.katalon/tools/android_sdk/build-tools/29.0.2
[35m[ADB][39m Using 'adb' from '/Users/ustore/.katalon/tools/android_sdk/platform-tools/adb'
[35m[AndroidDriver][39m Retrieving device list
[35m[AndroidDriver][39m Using device: J9AXGF01N116YZZ
[35m[ADB][39m Using 'adb' from '/Users/ustore/.katalon/tools/android_sdk/platform-tools/adb'
[35m[ADB][39m Getting device platform version
[35m[UiAutomator2][39m Relaxing hidden api policy
[35m[ADB][39m Package name: 'id.co.fundtastic.client'
[35m[ADB][39m Main activity name: 'id.co.fundtastic.client.presentation.SplashActivity'
[35m[ADB][39m Using 'apksigner.jar' from '/Users/ustore/.katalon/tools/android_sdk/build-tools/29.0.2/lib/apksigner.jar'
[35m[ADB][39m '/usr/local/lib/node_modules/appium/node_modules/appium-uiautomator2-server/apks/appium-uiautomator2-server-v4.27.0.apk' is signed with the default certificate
[35m[ADB][39m '/usr/local/lib/node_modules/appium/node_modules/appium-uiautomator2-server/apks/appium-uiautomator2-server-debug-androidTest.apk' is signed with the default certificate
[35m[UiAutomator2][39m Server packages are not going to be (re)installed
[35m[ADB][39m Adding packages ["io.appium.settings","io.appium.uiautomator2.server","io.appium.uiautomator2.server.test"] to Doze whitelist
[35m[ADB][39m '/Users/ustore/Downloads/mobile-debug-jos.apk' is signed with a non-default certificate
[35m[ADB][39m The application at '/Users/ustore/Downloads/mobile-debug-jos.apk' will not be cached, because the device under test has confirmed the support of streamed installs
[35m[ADB][39m The installation of 'mobile-debug-jos.apk' took 5708ms
[35m[UiAutomator2][39m Starting UIAutomator2 server 4.27.0
[35m[UiAutomator2][39m Using UIAutomator2 server from '/usr/local/lib/node_modules/appium/node_modules/appium-uiautomator2-server/apks/appium-uiautomator2-server-v4.27.0.apk' and test from '/usr/local/lib/node_modules/appium/node_modules/appium-uiautomator2-server/apks/appium-uiautomator2-server-debug-androidTest.apk'
[35m[UiAutomator2][39m Waiting up to 30000ms for UiAutomator2 to be online...
[35m[WD Proxy][39m socket hang up
[35m[WD Proxy][39m socket hang up
[35m[WD Proxy][39m socket hang up
[35m[WD Proxy][39m socket hang up
[35m[WD Proxy][39m Determined the downstream protocol as 'W3C'
[35m[AndroidDriver][39m Screen already unlocked, doing nothing
[35m[UiAutomator2][39m Starting 'id.co.fundtastic.client/id.co.fundtastic.client.presentation.SplashActivity and waiting for 'id.co.fundtastic.client/id.co.fundtastic.client.presentation.SplashActivity'
[35m[Appium][39m New AndroidUiautomator2Driver session created successfully, session 12519259-139f-4208-80a4-6a4641742a09 added to master session list
[35m[HTTP][39m [37m<-- POST /wd/hub/session [39m[32m200[39m [90m20197 ms - 1257[39m
[35m[HTTP][39m [90m[39m
[35m[HTTP][39m [37m-->[39m [37mGET[39m [37m/wd/hub/session/12519259-139f-4208-80a4-6a4641742a09[39m
[35m[HTTP][39m [90m{}[39m
[35m[HTTP][39m [37m<-- GET /wd/hub/session/12519259-139f-4208-80a4-6a4641742a09 [39m[32m200[39m [90m38 ms - 1211[39m
[35m[HTTP][39m [90m[39m
[35m[HTTP][39m [37m-->[39m [37mGET[39m [37m/wd/hub/session/12519259-139f-4208-80a4-6a4641742a09[39m
[35m[HTTP][39m [90m{}[39m
[35m[HTTP][39m [37m<-- GET /wd/hub/session/12519259-139f-4208-80a4-6a4641742a09 [39m[32m200[39m [90m42 ms - 1211[39m
[35m[HTTP][39m [90m[39m
[35m[HTTP][39m [37m-->[39m [37mGET[39m [37m/wd/hub/status[39m
[35m[HTTP][39m [90m{}[39m
[35m[HTTP][39m [37m<-- GET /wd/hub/status [39m[32m200[39m [90m1 ms - 68[39m
[35m[HTTP][39m [90m[39m
[35m[HTTP][39m [37m-->[39m [37mPOST[39m [37m/wd/hub/session/12519259-139f-4208-80a4-6a4641742a09/timeouts[39m
[35m[HTTP][39m [90m{"implicit":60000}[39m
[35m[HTTP][39m [37m<-- POST /wd/hub/session/12519259-139f-4208-80a4-6a4641742a09/timeouts [39m[32m200[39m [90m6 ms - 14[39m
[35m[HTTP][39m [90m[39m
[35m[HTTP][39m [37m-->[39m [37mGET[39m [37m/wd/hub/session/12519259-139f-4208-80a4-6a4641742a09/source[39m
[35m[HTTP][39m [90m{}[39m
[35m[W3C (12519259)][39m Driver proxy active, passing request on via HTTP proxy
[35m[WD Proxy][39m Replacing sessionId ae5604a8-c9aa-40e4-a513-1d272112f51b with 12519259-139f-4208-80a4-6a4641742a09
[35m[HTTP][39m [37m<-- GET /wd/hub/session/12519259-139f-4208-80a4-6a4641742a09/source [39m[32m200[39m [90m10357 ms - 11541[39m
[35m[HTTP][39m [90m[39m
[35m[HTTP][39m [37m-->[39m [37mGET[39m [37m/wd/hub/session/12519259-139f-4208-80a4-6a4641742a09/screenshot[39m
[35m[HTTP][39m [90m{}[39m
[35m[HTTP][39m [37m<-- GET /wd/hub/session/12519259-139f-4208-80a4-6a4641742a09/screenshot [39m[32m200[39m [90m1103 ms - 846650[39m
[35m[HTTP][39m [90m[39m
[35m[HTTP][39m [37m-->[39m [37mGET[39m [37m/wd/hub/session/12519259-139f-4208-80a4-6a4641742a09/source[39m
[35m[HTTP][39m [90m{}[39m
[35m[W3C (12519259)][39m Driver proxy active, passing request on via HTTP proxy
[35m[WD Proxy][39m Replacing sessionId ae5604a8-c9aa-40e4-a513-1d272112f51b with 12519259-139f-4208-80a4-6a4641742a09
[35m[HTTP][39m [37m<-- GET /wd/hub/session/12519259-139f-4208-80a4-6a4641742a09/source [39m[32m200[39m [90m10385 ms - 10469[39m
[35m[HTTP][39m [90m[39m
[35m[HTTP][39m [37m-->[39m [37mGET[39m [37m/wd/hub/session/12519259-139f-4208-80a4-6a4641742a09/screenshot[39m
[35m[HTTP][39m [90m{}[39m
[35m[HTTP][39m [37m<-- GET /wd/hub/session/12519259-139f-4208-80a4-6a4641742a09/screenshot [39m[32m200[39m [90m763 ms - 145258[39m
[35m[HTTP][39m [90m[39m
[35m[HTTP][39m [37m-->[39m [37mPOST[39m [37m/wd/hub/session/12519259-139f-4208-80a4-6a4641742a09/elements[39m
[35m[HTTP][39m [90m{"using":"xpath","value":"//*[@class = 'android.widget.EditText' and @resource-id = 'id.co.fundtastic.client:id/et_otp' and (@text = '' or . = '')]"}[39m
[35m[HTTP][39m [37m<-- POST /wd/hub/session/12519259-139f-4208-80a4-6a4641742a09/elements [39m[32m200[39m [90m10811 ms - 139[39m
[35m[HTTP][39m [90m[39m
[35m[HTTP][39m [37m-->[39m [37mPOST[39m [37m/wd/hub/session/12519259-139f-4208-80a4-6a4641742a09/timeouts[39m
[35m[HTTP][39m [90m{"implicit":1000}[39m
[35m[HTTP][39m [37m<-- POST /wd/hub/session/12519259-139f-4208-80a4-6a4641742a09/timeouts [39m[32m200[39m [90m1 ms - 14[39m
[35m[HTTP][39m [90m[39m
[35m[HTTP][39m [37m-->[39m [37mPOST[39m [37m/wd/hub/session/12519259-139f-4208-80a4-6a4641742a09/elements[39m
[35m[HTTP][39m [90m{"using":"xpath","value":"//android.widget.EditText[@resource-id='id.co.fundtastic.client:id/et_otp']"}[39m
[35m[HTTP][39m [37m<-- POST /wd/hub/session/12519259-139f-4208-80a4-6a4641742a09/elements [39m[32m200[39m [90m10301 ms - 139[39m
[35m[HTTP][39m [90m[39m
[35m[HTTP][39m [37m-->[39m [37mGET[39m [37m/wd/hub/session/12519259-139f-4208-80a4-6a4641742a09/element/00000000-0000-0f51-ffff-ffff00000024/location[39m
[35m[HTTP][39m [90m{}[39m
[35m[W3C (12519259)][39m Driver proxy active, passing request on via HTTP proxy
[35m[WD Proxy][39m Replacing sessionId ae5604a8-c9aa-40e4-a513-1d272112f51b with 12519259-139f-4208-80a4-6a4641742a09
[35m[HTTP][39m [37m<-- GET /wd/hub/session/12519259-139f-4208-80a4-6a4641742a09/element/00000000-0000-0f51-ffff-ffff00000024/location [39m[32m200[39m [90m20159 ms - 78[39m
[35m[HTTP][39m [90m[39m
[35m[HTTP][39m [37m-->[39m [37mGET[39m [37m/wd/hub/session/12519259-139f-4208-80a4-6a4641742a09/element/00000000-0000-0f51-ffff-ffff00000024/size[39m
[35m[HTTP][39m [90m{}[39m
[35m[W3C (12519259)][39m Driver proxy active, passing request on via HTTP proxy
[35m[WD Proxy][39m Replacing sessionId ae5604a8-c9aa-40e4-a513-1d272112f51b with 12519259-139f-4208-80a4-6a4641742a09
[35m[HTTP][39m [37m<-- GET /wd/hub/session/12519259-139f-4208-80a4-6a4641742a09/element/00000000-0000-0f51-ffff-ffff00000024/size [39m[32m200[39m [90m20119 ms - 87[39m
[35m[HTTP][39m [90m[39m
[35m[HTTP][39m [37m-->[39m [37mGET[39m [37m/wd/hub/session/12519259-139f-4208-80a4-6a4641742a09/source[39m
[35m[HTTP][39m [90m{}[39m
[35m[W3C (12519259)][39m Driver proxy active, passing request on via HTTP proxy
[35m[WD Proxy][39m Replacing sessionId ae5604a8-c9aa-40e4-a513-1d272112f51b with 12519259-139f-4208-80a4-6a4641742a09
[35m[HTTP][39m [37m<-- GET /wd/hub/session/12519259-139f-4208-80a4-6a4641742a09/source [39m[32m200[39m [90m10276 ms - 10470[39m
[35m[HTTP][39m [90m[39m
[35m[HTTP][39m [37m-->[39m [37mGET[39m [37m/wd/hub/session/12519259-139f-4208-80a4-6a4641742a09/screenshot[39m
[35m[HTTP][39m [90m{}[39m
[35m[HTTP][39m [37m<-- GET /wd/hub/session/12519259-139f-4208-80a4-6a4641742a09/screenshot [39m[32m200[39m [90m802 ms - 150318[39m
[35m[HTTP][39m [90m[39m
[35m[HTTP][39m [37m-->[39m [37mPOST[39m [37m/wd/hub/session/12519259-139f-4208-80a4-6a4641742a09/elements[39m
[35m[HTTP][39m [90m{"using":"xpath","value":"//*[@class = 'android.widget.TextView' and (@text = 'Verifikasi Sekarang' or . = 'Verifikasi Sekarang') and @resource-id = 'id.co.fundtastic.client:id/btnVerified']"}[39m
[35m[HTTP][39m [37m<-- POST /wd/hub/session/12519259-139f-4208-80a4-6a4641742a09/elements [39m[32m200[39m [90m10326 ms - 139[39m
[35m[HTTP][39m [90m[39m
[35m[HTTP][39m [37m-->[39m [37mPOST[39m [37m/wd/hub/session/12519259-139f-4208-80a4-6a4641742a09/timeouts[39m
[35m[HTTP][39m [90m{"implicit":1000}[39m
[35m[HTTP][39m [37m<-- POST /wd/hub/session/12519259-139f-4208-80a4-6a4641742a09/timeouts [39m[32m200[39m [90m2 ms - 14[39m
[35m[HTTP][39m [90m[39m
[35m[HTTP][39m [37m-->[39m [37mPOST[39m [37m/wd/hub/session/12519259-139f-4208-80a4-6a4641742a09/elements[39m
[35m[HTTP][39m [90m{"using":"xpath","value":"//android.widget.TextView[@resource-id='id.co.fundtastic.client:id/btnVerified']"}[39m
[35m[HTTP][39m [37m<-- POST /wd/hub/session/12519259-139f-4208-80a4-6a4641742a09/elements [39m[32m200[39m [90m10248 ms - 139[39m
[35m[HTTP][39m [90m[39m
[35m[HTTP][39m [37m-->[39m [37mGET[39m [37m/wd/hub/session/12519259-139f-4208-80a4-6a4641742a09/element/00000000-0000-0f51-ffff-ffff00000030/location[39m
[35m[HTTP][39m [90m{}[39m
[35m[W3C (12519259)][39m Driver proxy active, passing request on via HTTP proxy
[35m[WD Proxy][39m Replacing sessionId ae5604a8-c9aa-40e4-a513-1d272112f51b with 12519259-139f-4208-80a4-6a4641742a09
[35m[HTTP][39m [37m<-- GET /wd/hub/session/12519259-139f-4208-80a4-6a4641742a09/element/00000000-0000-0f51-ffff-ffff00000030/location [39m[32m200[39m [90m20148 ms - 77[39m
[35m[HTTP][39m [90m[39m
[35m[HTTP][39m [37m-->[39m [37mGET[39m [37m/wd/hub/session/12519259-139f-4208-80a4-6a4641742a09/element/00000000-0000-0f51-ffff-ffff00000030/size[39m
[35m[HTTP][39m [90m{}[39m
[35m[W3C (12519259)][39m Driver proxy active, passing request on via HTTP proxy
[35m[WD Proxy][39m Replacing sessionId ae5604a8-c9aa-40e4-a513-1d272112f51b with 12519259-139f-4208-80a4-6a4641742a09
[35m[HTTP][39m [37m<-- GET /wd/hub/session/12519259-139f-4208-80a4-6a4641742a09/element/00000000-0000-0f51-ffff-ffff00000030/size [39m[32m200[39m [90m20115 ms - 88[39m
[35m[HTTP][39m [90m[39m
[35m[HTTP][39m [37m-->[39m [37mGET[39m [37m/wd/hub/session/12519259-139f-4208-80a4-6a4641742a09/source[39m
[35m[HTTP][39m [90m{}[39m
[35m[W3C (12519259)][39m Driver proxy active, passing request on via HTTP proxy
[35m[WD Proxy][39m Replacing sessionId ae5604a8-c9aa-40e4-a513-1d272112f51b with 12519259-139f-4208-80a4-6a4641742a09
[35m[HTTP][39m [37m<-- GET /wd/hub/session/12519259-139f-4208-80a4-6a4641742a09/source [39m[32m200[39m [90m10946 ms - 49509[39m
[35m[HTTP][39m [90m[39m
[35m[HTTP][39m [37m-->[39m [37mGET[39m [37m/wd/hub/session/12519259-139f-4208-80a4-6a4641742a09/screenshot[39m
[35m[HTTP][39m [90m{}[39m
[35m[HTTP][39m [37m<-- GET /wd/hub/session/12519259-139f-4208-80a4-6a4641742a09/screenshot [39m[32m200[39m [90m760 ms - 255418[39m
[35m[HTTP][39m [90m[39m
[35m[HTTP][39m [37m-->[39m [37mPOST[39m [37m/wd/hub/session/12519259-139f-4208-80a4-6a4641742a09/elements[39m
[35m[HTTP][39m [90m{"using":"xpath","value":"//*[@class = 'android.widget.LinearLayout' and (@text = '' or . = '')]"}[39m
[35m[HTTP][39m [37m<-- POST /wd/hub/session/12519259-139f-4208-80a4-6a4641742a09/elements [39m[32m200[39m [90m10798 ms - 1803[39m
[35m[HTTP][39m [90m[39m
[35m[HTTP][39m [37m-->[39m [37mPOST[39m [37m/wd/hub/session/12519259-139f-4208-80a4-6a4641742a09/elements[39m
[35m[HTTP][39m [90m{"using":"accessibility id","value":"Emas"}[39m
[35m[HTTP][39m [37m<-- POST /wd/hub/session/12519259-139f-4208-80a4-6a4641742a09/elements [39m[32m200[39m [90m10328 ms - 139[39m
[35m[HTTP][39m [90m[39m
[35m[HTTP][39m [37m-->[39m [37mPOST[39m [37m/wd/hub/session/12519259-139f-4208-80a4-6a4641742a09/elements[39m
[35m[HTTP][39m [90m{"using":"xpath","value":"//*[@class = 'android.widget.TextView' and (@text = 'Emas' or . = 'Emas')]"}[39m
[35m[HTTP][39m [37m<-- POST /wd/hub/session/12519259-139f-4208-80a4-6a4641742a09/elements [39m[32m200[39m [90m10515 ms - 139[39m
[35m[HTTP][39m [90m[39m
[35m[HTTP][39m [37m-->[39m [37mPOST[39m [37m/wd/hub/session/12519259-139f-4208-80a4-6a4641742a09/elements[39m
[35m[HTTP][39m [90m{"using":"xpath","value":"//*[@class = 'android.widget.TextView' and (@text = 'Home' or . = 'Home') and @resource-id = 'id.co.fundtastic.client:id/largeLabel']"}[39m
[35m[HTTP][39m [37m<-- POST /wd/hub/session/12519259-139f-4208-80a4-6a4641742a09/elements [39m[32m200[39m [90m10627 ms - 139[39m
[35m[HTTP][39m [90m[39m
[35m[HTTP][39m [37m-->[39m [37mPOST[39m [37m/wd/hub/session/12519259-139f-4208-80a4-6a4641742a09/timeouts[39m
[35m[HTTP][39m [90m{"implicit":1000}[39m
[35m[HTTP][39m [37m<-- POST /wd/hub/session/12519259-139f-4208-80a4-6a4641742a09/timeouts [39m[32m200[39m [90m1 ms - 14[39m
[35m[HTTP][39m [90m[39m
[35m[HTTP][39m [37m-->[39m [37mPOST[39m [37m/wd/hub/session/12519259-139f-4208-80a4-6a4641742a09/elements[39m
[35m[HTTP][39m [90m{"using":"xpath","value":"//android.widget.TextView[@resource-id='id.co.fundtastic.client:id/largeLabel' and @text='Home']"}[39m
[35m[HTTP][39m [37m<-- POST /wd/hub/session/12519259-139f-4208-80a4-6a4641742a09/elements [39m[32m200[39m [90m10411 ms - 139[39m
[35m[HTTP][39m [90m[39m
[35m[HTTP][39m [37m-->[39m [37mGET[39m [37m/wd/hub/session/12519259-139f-4208-80a4-6a4641742a09/element/00000000-0000-0f58-ffff-ffff0000007e/location[39m
[35m[HTTP][39m [90m{}[39m
[35m[W3C (12519259)][39m Driver proxy active, passing request on via HTTP proxy
[35m[WD Proxy][39m Replacing sessionId ae5604a8-c9aa-40e4-a513-1d272112f51b with 12519259-139f-4208-80a4-6a4641742a09
[35m[HTTP][39m [37m<-- GET /wd/hub/session/12519259-139f-4208-80a4-6a4641742a09/element/00000000-0000-0f58-ffff-ffff0000007e/location [39m[32m200[39m [90m20209 ms - 78[39m
[35m[HTTP][39m [90m[39m
[35m[HTTP][39m [37m-->[39m [37mGET[39m [37m/wd/hub/session/12519259-139f-4208-80a4-6a4641742a09/element/00000000-0000-0f58-ffff-ffff0000007e/size[39m
[35m[HTTP][39m [90m{}[39m
[35m[W3C (12519259)][39m Driver proxy active, passing request on via HTTP proxy
[35m[WD Proxy][39m Replacing sessionId ae5604a8-c9aa-40e4-a513-1d272112f51b with 12519259-139f-4208-80a4-6a4641742a09
[35m[HTTP][39m [37m<-- GET /wd/hub/session/12519259-139f-4208-80a4-6a4641742a09/element/00000000-0000-0f58-ffff-ffff0000007e/size [39m[32m200[39m [90m20161 ms - 85[39m
[35m[HTTP][39m [90m[39m
[35m[HTTP][39m [37m-->[39m [37mDELETE[39m [37m/wd/hub/session/12519259-139f-4208-80a4-6a4641742a09[39m
[35m[HTTP][39m [90m{}[39m
[35m[Appium][39m Removing session 12519259-139f-4208-80a4-6a4641742a09 from our master session list
[35m[UiAutomator2][39m Restoring hidden api policy to the device default configuration
[35m[HTTP][39m [37m<-- DELETE /wd/hub/session/12519259-139f-4208-80a4-6a4641742a09 [39m[32m200[39m [90m564 ms - 14[39m
[35m[HTTP][39m [90m[39m
